2026-01-05 09:49:08,037 [INFO] WebApp:194 - Connection lost
2026-01-05 09:49:14,673 [INFO] WebApp:191 - Connection restablished
2026-01-05 10:51:47,083 [INFO] WebApp:194 - Connection lost
2026-01-05 10:51:51,926 [INFO] WebApp:191 - Connection restablished
2026-01-05 10:51:53,622 [INFO] WebApp:194 - Connection lost
2026-01-05 10:51:54,146 [INFO] WebApp:191 - Connection restablished
2026-01-05 10:52:33,883 [INFO] MainUpdater:2872 - connection check result : 10
2026-01-05 10:52:34,081 [INFO] McuFinderGlobals:76 - Set McuFinderConnectedMode to true
2026-01-05 10:52:34,082 [INFO] MultiScanPanel:200 - Auto-refresh data requested => check proxy status ongoing
2026-01-05 10:52:34,082 [INFO] FinderPluginLoader:96 - Searching for filters in installed packs
2026-01-05 10:52:35,493 [INFO] LoadUrlFilesThread:185 - End of LoadServerUrlFiles without Thread
2026-01-05 10:52:35,493 [INFO] DetailPanel:341 - Set advertising image to /home/naman/STM32Cube/Repository//en.prom-st67w-expansion-board.png
2026-01-05 10:52:39,106 [INFO] MultiScanPanel:200 - Auto-refresh data requested => check proxy status ongoing
2026-01-05 10:52:39,155 [INFO] LoadUrlFilesThread:185 - End of LoadServerUrlFiles without Thread
2026-01-05 10:52:39,155 [INFO] DetailPanel:341 - Set advertising image to /home/naman/STM32Cube/Repository//en.prom-st67w-expansion-board.png
2026-01-05 10:53:30,143 [INFO] McuFinderGlobals:76 - Set McuFinderConnectedMode to true
2026-01-05 10:53:30,145 [INFO] ApiDb:448 - Save user favorites file /home/naman/.stm32cubeide/favorites.mcus.txt: 0 item(s)
2026-01-05 10:53:30,145 [INFO] ApiDb:452 - User favorites MCUs=[]
2026-01-05 10:53:30,146 [INFO] ApiDb:448 - Save user favorites file /home/naman/.stm32cubeide/favorites.boards.txt: 0 item(s)
2026-01-05 10:53:30,146 [INFO] ApiDb:452 - User favorites Boards=[]
2026-01-05 10:54:44,494 [INFO] MainUpdater:2872 - connection check result : 10
2026-01-05 10:54:44,650 [INFO] McuFinderGlobals:76 - Set McuFinderConnectedMode to true
2026-01-05 10:54:44,651 [INFO] MultiScanPanel:200 - Auto-refresh data requested => check proxy status ongoing
2026-01-05 10:54:44,651 [INFO] FinderPluginLoader:96 - Searching for filters in installed packs
2026-01-05 10:54:45,077 [INFO] LoadUrlFilesThread:185 - End of LoadServerUrlFiles without Thread
2026-01-05 10:54:45,077 [INFO] DetailPanel:341 - Set advertising image to /home/naman/STM32Cube/Repository//en.prom-st67w-expansion-board.png
2026-01-05 10:54:48,055 [INFO] MultiScanPanel:200 - Auto-refresh data requested => check proxy status ongoing
2026-01-05 10:54:48,082 [INFO] LoadUrlFilesThread:185 - End of LoadServerUrlFiles without Thread
2026-01-05 10:54:48,082 [INFO] DetailPanel:341 - Set advertising image to /home/naman/STM32Cube/Repository//en.prom-st67w-expansion-board.png
2026-01-05 10:55:07,730 [INFO] McuFinderGlobals:76 - Set McuFinderConnectedMode to true
2026-01-05 10:55:07,731 [INFO] ApiDb:448 - Save user favorites file /home/naman/.stm32cubeide/favorites.mcus.txt: 0 item(s)
2026-01-05 10:55:07,731 [INFO] ApiDb:452 - User favorites MCUs=[]
2026-01-05 10:55:07,732 [INFO] ApiDb:448 - Save user favorites file /home/naman/.stm32cubeide/favorites.boards.txt: 0 item(s)
2026-01-05 10:55:07,732 [INFO] ApiDb:452 - User favorites Boards=[]
2026-01-05 10:55:53,910 [INFO] WebApp:194 - Connection lost
2026-01-05 10:55:59,418 [INFO] WebApp:191 - Connection restablished
2026-01-05 11:08:05,724 [INFO] WebApp:194 - Connection lost
2026-01-05 11:08:16,356 [INFO] WebApp:191 - Connection restablished
2026-01-05 11:17:19,232 [INFO] WebApp:194 - Connection lost
2026-01-05 11:17:26,126 [INFO] WebApp:191 - Connection restablished
2026-01-05 11:25:59,045 [INFO] WebApp:194 - Connection lost
2026-01-05 11:26:02,548 [INFO] WebApp:191 - Connection restablished
2026-01-05 11:54:01,093 [INFO] WebApp:194 - Connection lost
2026-01-05 11:54:10,023 [INFO] WebApp:191 - Connection restablished
2026-01-05 12:15:05,529 [INFO] WebApp:194 - Connection lost
2026-01-05 12:15:17,343 [INFO] WebApp:191 - Connection restablished
2026-01-05 12:15:20,563 [INFO] WebApp:194 - Connection lost
2026-01-05 12:15:22,151 [INFO] WebApp:191 - Connection restablished
2026-01-05 12:24:09,467 [INFO] WebApp:194 - Connection lost
2026-01-05 12:24:24,687 [INFO] WebApp:191 - Connection restablished
2026-01-05 12:41:54,792 [INFO] WebApp:194 - Connection lost
2026-01-05 12:42:14,422 [INFO] WebApp:191 - Connection restablished
2026-01-05 12:51:44,876 [INFO] WebApp:194 - Connection lost
2026-01-05 12:52:12,966 [INFO] WebApp:191 - Connection restablished
2026-01-05 13:03:31,862 [INFO] WebApp:194 - Connection lost
2026-01-05 13:03:42,612 [INFO] WebApp:191 - Connection restablished
2026-01-05 13:06:03,496 [INFO] WebApp:194 - Connection lost
2026-01-05 13:06:04,907 [INFO] WebApp:191 - Connection restablished
2026-01-05 13:11:57,679 [INFO] WebApp:194 - Connection lost
2026-01-05 13:12:02,459 [INFO] WebApp:191 - Connection restablished
2026-01-05 13:30:18,205 [INFO] WebApp:194 - Connection lost
2026-01-05 13:30:25,183 [INFO] WebApp:191 - Connection restablished
2026-01-05 13:30:29,739 [INFO] WebApp:194 - Connection lost
2026-01-05 13:30:30,535 [INFO] WebApp:191 - Connection restablished
2026-01-05 13:30:49,365 [INFO] WebApp:194 - Connection lost
2026-01-05 13:30:56,098 [INFO] WebApp:191 - Connection restablished
2026-01-05 15:59:32,042 [INFO] WebApp:194 - Connection lost
2026-01-05 15:59:41,950 [INFO] WebApp:191 - Connection restablished
