2026-01-06 09:59:42,028 [INFO] Activator:176 - 


2026-01-06 09:59:42,031 [INFO] Activator:177 - !SESSION log4j initialized
2026-01-06 10:00:00,763 [INFO] LogOutputStream:77 - [STDOUT_REDIRECT] 
2026-01-06 10:00:22,521 [INFO] ApplicationProperties:184 - Using Application install path: /opt/st/stm32cubeide_1.19.0/plugins/com.st.stm32cube.common.mx_6.15.0.202507011659
2026-01-06 10:00:22,536 [INFO] DbMcusXml:78 - Set database path to: /opt/st/stm32cubeide_1.19.0/plugins/com.st.stm32cube.common.mx_6.15.0.202507011659//db//mcu/
2026-01-06 10:00:22,536 [INFO] ApiDb:274 - Set plugin database path to: /opt/st/stm32cubeide_1.19.0/plugins/com.st.stm32cube.common.mx_6.15.0.202507011659//db//plugins/boardmanager/
2026-01-06 10:00:22,536 [WARN] ApiDb:259 - Overriding images path with different value:  => /opt/st/stm32cubeide_1.19.0/plugins/com.st.stm32cube.common.mx_6.15.0.202507011659//db//plugins/mcufinder/images/
2026-01-06 10:00:22,542 [INFO] ApiDb:250 - Set database path to: /home/naman/.stmcufinder/plugins/mcufinder//mcu/
2026-01-06 10:00:22,543 [INFO] DbMcusAds:125 - Set database path to: /home/naman/.stmcufinder/plugins/mcufinder//mcu/
2026-01-06 10:00:22,546 [INFO] CrossReferenceDbSqlite:203 - Set database path to: /home/naman/.stmcufinder/plugins/mcufinder//mcu/cs/
2026-01-06 10:00:22,633 [INFO] RulesReader:64 - Compatibility file has been processed (317 Rules)
2026-01-06 10:00:22,688 [INFO] DbMcusXml:78 - Set database path to: /opt/st/stm32cubeide_1.19.0/plugins/com.st.stm32cube.common.mx_6.15.0.202507011659//db//mcu/
2026-01-06 10:00:22,688 [INFO] ApiDb:274 - Set plugin database path to: /opt/st/stm32cubeide_1.19.0/plugins/com.st.stm32cube.common.mx_6.15.0.202507011659//db//plugins/boardmanager/
2026-01-06 10:00:22,688 [INFO] ApiDb:261 - Set plugin images path to: /opt/st/stm32cubeide_1.19.0/plugins/com.st.stm32cube.common.mx_6.15.0.202507011659//db//plugins/mcufinder/images/
2026-01-06 10:00:22,688 [WARN] DbFile:41 - Overriding database path with different value: /home/naman/.stmcufinder/plugins/mcufinder/ => /home/naman/.stmcufinder/plugins/mcufinder
2026-01-06 10:00:22,688 [INFO] ApiDb:250 - Set database path to: /home/naman/.stmcufinder/plugins/mcufinder//mcu/
2026-01-06 10:00:22,688 [WARN] DbFile:41 - Overriding database path with different value: /home/naman/.stmcufinder/plugins/mcufinder/ => /home/naman/.stmcufinder/plugins/mcufinder
2026-01-06 10:00:22,688 [INFO] DbMcusAds:125 - Set database path to: /home/naman/.stmcufinder/plugins/mcufinder//mcu/
2026-01-06 10:00:22,688 [WARN] DbFile:41 - Overriding database path with different value: /home/naman/.stmcufinder/plugins/mcufinder/ => /home/naman/.stmcufinder/plugins/mcufinder
2026-01-06 10:00:22,688 [WARN] DbFile:41 - Overriding database path with different value: /home/naman/.stmcufinder/plugins/mcufinder/ => /home/naman/.stmcufinder/plugins/mcufinder
2026-01-06 10:00:22,688 [INFO] CrossReferenceDbSqlite:203 - Set database path to: /home/naman/.stmcufinder/plugins/mcufinder//mcu/cs/
2026-01-06 10:00:22,751 [INFO] MainPanel:274 - HeapMemory: 268435456
2026-01-06 10:00:22,875 [INFO] DbMcusXml:78 - Set database path to: /opt/st/stm32cubeide_1.19.0/plugins/com.st.stm32cube.common.mx_6.15.0.202507011659//db//mcu/
2026-01-06 10:00:22,875 [INFO] ApiDb:274 - Set plugin database path to: /opt/st/stm32cubeide_1.19.0/plugins/com.st.stm32cube.common.mx_6.15.0.202507011659//db//plugins/boardmanager/
2026-01-06 10:00:22,875 [INFO] ApiDb:261 - Set plugin images path to: /opt/st/stm32cubeide_1.19.0/plugins/com.st.stm32cube.common.mx_6.15.0.202507011659//db//plugins/mcufinder/images/
2026-01-06 10:00:22,876 [WARN] DbFile:41 - Overriding database path with different value: /home/naman/.stmcufinder/plugins/mcufinder/ => /home/naman/.stmcufinder/plugins/mcufinder
2026-01-06 10:00:22,876 [INFO] ApiDb:250 - Set database path to: /home/naman/.stmcufinder/plugins/mcufinder//mcu/
2026-01-06 10:00:22,876 [WARN] DbFile:41 - Overriding database path with different value: /home/naman/.stmcufinder/plugins/mcufinder/ => /home/naman/.stmcufinder/plugins/mcufinder
2026-01-06 10:00:22,876 [INFO] DbMcusAds:125 - Set database path to: /home/naman/.stmcufinder/plugins/mcufinder//mcu/
2026-01-06 10:00:22,876 [WARN] DbFile:41 - Overriding database path with different value: /home/naman/.stmcufinder/plugins/mcufinder/ => /home/naman/.stmcufinder/plugins/mcufinder
2026-01-06 10:00:22,876 [WARN] DbFile:41 - Overriding database path with different value: /home/naman/.stmcufinder/plugins/mcufinder/ => /home/naman/.stmcufinder/plugins/mcufinder
2026-01-06 10:00:22,876 [INFO] CrossReferenceDbSqlite:203 - Set database path to: /home/naman/.stmcufinder/plugins/mcufinder//mcu/cs/
2026-01-06 10:00:22,888 [INFO] ApplicationProperties:184 - Using Application install path: /opt/st/stm32cubeide_1.19.0/plugins/com.st.stm32cube.common.mx_6.15.0.202507011659
2026-01-06 10:00:22,890 [INFO] PluginManage:196 - Search for loadable plugins [exclusion list=, ]
2026-01-06 10:00:22,890 [INFO] PluginManage:310 - Check plugin analytics
2026-01-06 10:00:24,720 [ERROR] ConfigurationRetriever:142 - IOException on connection: Connect timed out
2026-01-06 10:00:26,731 [ERROR] ConfigurationRetriever:142 - IOException on connection: Connect timed out
2026-01-06 10:00:28,742 [ERROR] ConfigurationRetriever:142 - IOException on connection: Connect timed out
2026-01-06 10:00:31,299 [INFO] AnalyticsPlugin:253 - Accepted Software Licenses: 
2026-01-06 10:00:31,299 [INFO] AnalyticsPlugin:255 - Accepted CMSIS Pack Licenses: 
2026-01-06 10:00:31,300 [INFO] AnalyticsPlugin:257 - Accepted Firmware Licenses: FW.F4.1.28.0
2026-01-06 10:00:31,301 [INFO] PluginManage:359 - Loaded plugin analytics (category:tool,tabindex:-1)
2026-01-06 10:00:31,301 [INFO] PluginManage:310 - Check plugin cadmodel
2026-01-06 10:00:31,306 [INFO] CADModel:105 - Init CAD model plugin
2026-01-06 10:00:31,306 [INFO] PluginManage:359 - Loaded plugin cadmodel (category:power,tabindex:5)
2026-01-06 10:00:31,306 [INFO] PluginManage:310 - Check plugin clock
2026-01-06 10:00:31,314 [INFO] PluginManage:359 - Loaded plugin clock (category:base,tabindex:2)
2026-01-06 10:00:31,314 [INFO] PluginManage:310 - Check plugin ddr
2026-01-06 10:00:31,315 [INFO] PluginManage:359 - Loaded plugin ddr (category:tool,tabindex:6)
2026-01-06 10:00:31,315 [INFO] PluginManage:310 - Check plugin filemanager
2026-01-06 10:00:31,419 [INFO] PluginManage:359 - Loaded plugin filemanager (category:base,tabindex:10)
2026-01-06 10:00:31,419 [INFO] PluginManage:310 - Check plugin ipmanager
2026-01-06 10:00:31,423 [INFO] PluginManage:359 - Loaded plugin ipmanager (category:base,tabindex:5)
2026-01-06 10:00:31,423 [INFO] PluginManage:310 - Check plugin lpbam
2026-01-06 10:00:31,431 [INFO] PluginManage:359 - Loaded plugin lpbam (category:base,tabindex:0)
2026-01-06 10:00:31,431 [INFO] PluginManage:310 - Check plugin memorymap
2026-01-06 10:00:31,441 [INFO] PluginManage:359 - Loaded plugin memorymap (category:base,tabindex:4)
2026-01-06 10:00:31,441 [INFO] PluginManage:310 - Check plugin pinoutandconfiguration
2026-01-06 10:00:31,448 [INFO] PluginManage:359 - Loaded plugin pinoutandconfiguration (category:base,tabindex:1)
2026-01-06 10:00:31,448 [INFO] PluginManage:310 - Check plugin pinoutconfig
2026-01-06 10:00:31,509 [WARN] SupportedApi:132 - Cannot load RTOS API schema: s4s-elt-must-match.1: The content of 'definitions' must match (annotation?, (simpleType | complexType)?, (unique | key | keyref)*)). A problem was found starting at: attribute.
2026-01-06 10:00:31,617 [INFO] PluginManage:359 - Loaded plugin pinoutconfig (category:base,tabindex:0)
2026-01-06 10:00:31,617 [INFO] PluginManage:310 - Check plugin power
2026-01-06 10:00:31,626 [INFO] PluginManage:359 - Loaded plugin power (category:power,tabindex:4)
2026-01-06 10:00:31,626 [INFO] PluginManage:310 - Check plugin projectmanager
2026-01-06 10:00:31,637 [INFO] PluginManage:359 - Loaded plugin projectmanager (category:projectmanager,tabindex:4)
2026-01-06 10:00:31,637 [INFO] PluginManage:310 - Check plugin rif
2026-01-06 10:00:31,647 [INFO] PluginManage:359 - Loaded plugin rif (category:base,tabindex:3)
2026-01-06 10:00:31,647 [INFO] PluginManage:310 - Check plugin thirdparty
2026-01-06 10:00:31,738 [INFO] PluginManage:359 - Loaded plugin thirdparty (category:base,tabindex:-1)
2026-01-06 10:00:31,738 [WARN] IntegrityCheckThread:84 - waiting for thirdparty lock release [integrity check]
2026-01-06 10:00:31,739 [INFO] PluginManage:310 - Check plugin tools
2026-01-06 10:00:31,739 [INFO] IntegrityCheckThread:86 - entering critical section [integrity check]
2026-01-06 10:00:31,739 [INFO] ThirdPartyUpdaterWithRetryManager:70 - Updater plugin not ready yet. [1/15]
2026-01-06 10:00:31,741 [INFO] PluginManage:359 - Loaded plugin tools (category:base,tabindex:7)
2026-01-06 10:00:31,741 [INFO] PluginManage:310 - Check plugin tutovideos
2026-01-06 10:00:31,904 [INFO] PluginManage:359 - Loaded plugin tutovideos (category:base,tabindex:-1)
2026-01-06 10:00:31,904 [INFO] PluginManage:310 - Check plugin updater
2026-01-06 10:00:31,924 [INFO] PluginManage:359 - Loaded plugin updater (category:base,tabindex:12)
2026-01-06 10:00:31,924 [INFO] PluginManage:310 - Check plugin userauth
2026-01-06 10:00:31,927 [INFO] UserAuth:118 - Init User Auth plugin
2026-01-06 10:00:31,928 [INFO] PluginManage:359 - Loaded plugin userauth (category:base,tabindex:14)
2026-01-06 10:00:31,928 [INFO] PluginManage:283 - PluginManage : Loaded plugins [18]
2026-01-06 10:00:32,075 [INFO] PinOutPanel:1589 - setPackage(No Configuration,No Configuration)
2026-01-06 10:00:32,132 [INFO] CADModel:165 - CPN selected for project level
2026-01-06 10:00:32,133 [INFO] CADModel:114 - Register for checkConnection events
2026-01-06 10:00:32,144 [INFO] IPUIPlugin:80 - create IPUIPlugin
2026-01-06 10:00:32,144 [INFO] PluginManager:220 - loadIPPluginJar : add i3c
2026-01-06 10:00:32,149 [INFO] IPUIPlugin:80 - create IPUIPlugin
2026-01-06 10:00:32,150 [INFO] PluginManager:220 - loadIPPluginJar : add mdma
2026-01-06 10:00:32,151 [INFO] IPUIPlugin:80 - create IPUIPlugin
2026-01-06 10:00:32,151 [INFO] PluginManager:220 - loadIPPluginJar : add ts
2026-01-06 10:00:32,154 [INFO] IPUIPlugin:80 - create IPUIPlugin
2026-01-06 10:00:32,154 [INFO] PluginManager:220 - loadIPPluginJar : add touchsensing
2026-01-06 10:00:32,155 [INFO] IPUIPlugin:80 - create IPUIPlugin
2026-01-06 10:00:32,155 [INFO] PluginManager:220 - loadIPPluginJar : add genericplugin
2026-01-06 10:00:32,161 [INFO] IPUIPlugin:80 - create IPUIPlugin
2026-01-06 10:00:32,161 [INFO] PluginManager:220 - loadIPPluginJar : add freertos
2026-01-06 10:00:32,164 [INFO] IPUIPlugin:80 - create IPUIPlugin
2026-01-06 10:00:32,164 [INFO] PluginManager:220 - loadIPPluginJar : add i2s
2026-01-06 10:00:32,170 [INFO] IPUIPlugin:80 - create IPUIPlugin
2026-01-06 10:00:32,170 [INFO] PluginManager:220 - loadIPPluginJar : add fmc
2026-01-06 10:00:32,172 [INFO] IPUIPlugin:80 - create IPUIPlugin
2026-01-06 10:00:32,172 [INFO] PluginManager:220 - loadIPPluginJar : add tracer_emb
2026-01-06 10:00:32,177 [INFO] IPUIPlugin:80 - create IPUIPlugin
2026-01-06 10:00:32,178 [INFO] PluginManager:220 - loadIPPluginJar : add gpio
2026-01-06 10:00:32,182 [INFO] IPUIPlugin:80 - create IPUIPlugin
2026-01-06 10:00:32,182 [INFO] PluginManager:220 - loadIPPluginJar : add ddr_ctrl_phy
2026-01-06 10:00:32,189 [INFO] IPUIPlugin:80 - create IPUIPlugin
2026-01-06 10:00:32,189 [INFO] PluginManager:220 - loadIPPluginJar : add stm32_wpan
2026-01-06 10:00:32,195 [INFO] IPUIPlugin:80 - create IPUIPlugin
2026-01-06 10:00:32,195 [INFO] PluginManager:220 - loadIPPluginJar : add linkedlist
2026-01-06 10:00:32,197 [INFO] IPUIPlugin:80 - create IPUIPlugin
2026-01-06 10:00:32,198 [INFO] PluginManager:220 - loadIPPluginJar : add opamp
2026-01-06 10:00:32,199 [INFO] IPUIPlugin:80 - create IPUIPlugin
2026-01-06 10:00:32,199 [INFO] PluginManager:220 - loadIPPluginJar : add ltdc
2026-01-06 10:00:32,201 [INFO] IPUIPlugin:80 - create IPUIPlugin
2026-01-06 10:00:32,201 [INFO] PluginManager:220 - loadIPPluginJar : add sai
2026-01-06 10:00:32,206 [INFO] IPUIPlugin:80 - create IPUIPlugin
2026-01-06 10:00:32,206 [INFO] PluginManager:220 - loadIPPluginJar : add dma
2026-01-06 10:00:32,208 [INFO] IPUIPlugin:80 - create IPUIPlugin
2026-01-06 10:00:32,208 [INFO] PluginManager:220 - loadIPPluginJar : add i2c
2026-01-06 10:00:32,211 [INFO] IPUIPlugin:80 - create IPUIPlugin
2026-01-06 10:00:32,212 [INFO] PluginManager:220 - loadIPPluginJar : add resmgrutility
2026-01-06 10:00:32,214 [INFO] IPUIPlugin:80 - create IPUIPlugin
2026-01-06 10:00:32,214 [INFO] PluginManager:220 - loadIPPluginJar : add dma3
2026-01-06 10:00:32,216 [INFO] IPUIPlugin:80 - create IPUIPlugin
2026-01-06 10:00:32,216 [INFO] PluginManager:220 - loadIPPluginJar : add openamp
2026-01-06 10:00:32,217 [INFO] IPUIPlugin:80 - create IPUIPlugin
2026-01-06 10:00:32,217 [INFO] PluginManager:220 - loadIPPluginJar : add fatfs
2026-01-06 10:00:32,219 [INFO] IPUIPlugin:80 - create IPUIPlugin
2026-01-06 10:00:32,219 [INFO] PluginManager:220 - loadIPPluginJar : add hash
2026-01-06 10:00:32,220 [INFO] IPUIPlugin:80 - create IPUIPlugin
2026-01-06 10:00:32,220 [INFO] PluginManager:220 - loadIPPluginJar : add comp
2026-01-06 10:00:32,226 [INFO] IPUIPlugin:80 - create IPUIPlugin
2026-01-06 10:00:32,228 [INFO] PluginManager:220 - loadIPPluginJar : add plateformsettings
2026-01-06 10:00:32,234 [INFO] IPUIPlugin:80 - create IPUIPlugin
2026-01-06 10:00:32,234 [INFO] PluginManager:220 - loadIPPluginJar : add adc
2026-01-06 10:00:32,236 [INFO] IPUIPlugin:80 - create IPUIPlugin
2026-01-06 10:00:32,236 [INFO] PluginManager:220 - loadIPPluginJar : add aes
2026-01-06 10:00:32,238 [INFO] IPUIPlugin:80 - create IPUIPlugin
2026-01-06 10:00:32,238 [INFO] PluginManager:220 - loadIPPluginJar : add extmemmanager
2026-01-06 10:00:32,239 [INFO] IPUIPlugin:80 - create IPUIPlugin
2026-01-06 10:00:32,239 [INFO] PluginManager:220 - loadIPPluginJar : add lorawan
2026-01-06 10:00:32,242 [INFO] IPUIPlugin:80 - create IPUIPlugin
2026-01-06 10:00:32,242 [INFO] PluginManager:220 - loadIPPluginJar : add usart
2026-01-06 10:00:32,245 [INFO] IPUIPlugin:80 - create IPUIPlugin
2026-01-06 10:00:32,245 [INFO] PluginManager:220 - loadIPPluginJar : add nvic
2026-01-06 10:00:32,247 [INFO] IPUIPlugin:80 - create IPUIPlugin
2026-01-06 10:00:32,248 [INFO] PluginManager:220 - loadIPPluginJar : add gtzc
2026-01-06 10:00:32,249 [INFO] IPUIPlugin:80 - create IPUIPlugin
2026-01-06 10:00:32,249 [INFO] PluginManager:220 - loadIPPluginJar : add tsc
2026-01-06 10:00:32,251 [INFO] IPUIPlugin:80 - create IPUIPlugin
2026-01-06 10:00:32,251 [INFO] PluginManager:220 - loadIPPluginJar : add pdm2pcm
2026-01-06 10:00:32,254 [INFO] IPUIPlugin:80 - create IPUIPlugin
2026-01-06 10:00:32,254 [INFO] PluginManager:220 - loadIPPluginJar : add ipddr
2026-01-06 10:00:32,256 [INFO] IPUIPlugin:80 - create IPUIPlugin
2026-01-06 10:00:32,256 [INFO] PluginManager:220 - loadIPPluginJar : add gfxmmu
2026-01-06 10:00:32,257 [INFO] IPUIPlugin:80 - create IPUIPlugin
2026-01-06 10:00:32,257 [INFO] PluginManager:220 - loadIPPluginJar : add can
2026-01-06 10:00:32,258 [INFO] IPUIPlugin:80 - create IPUIPlugin
2026-01-06 10:00:32,258 [INFO] PluginManager:220 - loadIPPluginJar : add cryp
2026-01-06 10:00:32,262 [INFO] IPUIPlugin:80 - create IPUIPlugin
2026-01-06 10:00:32,262 [INFO] PluginManager:220 - loadIPPluginJar : add gic
2026-01-06 10:00:32,263 [INFO] IPUIPlugin:80 - create IPUIPlugin
2026-01-06 10:00:32,263 [INFO] PluginManager:220 - loadIPPluginJar : add tim
2026-01-06 10:00:32,265 [INFO] IPUIPlugin:80 - create IPUIPlugin
2026-01-06 10:00:32,265 [INFO] PluginManager:220 - loadIPPluginJar : add usbx
2026-01-06 10:00:32,267 [INFO] IPUIPlugin:80 - create IPUIPlugin
2026-01-06 10:00:32,267 [INFO] PluginManager:220 - loadIPPluginJar : add dfsdm
2026-01-06 10:00:32,269 [INFO] IPUIPlugin:80 - create IPUIPlugin
2026-01-06 10:00:32,269 [INFO] PluginManager:220 - loadIPPluginJar : add ucpd
2026-01-06 10:00:32,270 [INFO] IPUIPlugin:80 - create IPUIPlugin
2026-01-06 10:00:32,270 [INFO] PluginManager:220 - loadIPPluginJar : add quadspi
2026-01-06 10:00:32,271 [INFO] IPUIPlugin:80 - create IPUIPlugin
2026-01-06 10:00:32,271 [INFO] PluginManager:220 - loadIPPluginJar : add radio
2026-01-06 10:00:32,272 [INFO] IPUIPlugin:80 - create IPUIPlugin
2026-01-06 10:00:32,272 [INFO] PluginManager:220 - loadIPPluginJar : add spi
2026-01-06 10:00:32,368 [FATAL] Updater:351 - Updater called before beeing initialized
2026-01-06 10:00:32,391 [INFO] RulesReader:64 - Compatibility file has been processed (317 Rules)
2026-01-06 10:00:32,400 [INFO] RulesReader:64 - Compatibility file has been processed (317 Rules)
2026-01-06 10:00:32,417 [INFO] CADModel:165 - CPN selected for project level
2026-01-06 10:00:32,417 [INFO] CADModel:114 - Register for checkConnection events
2026-01-06 10:00:32,417 [FATAL] Updater:351 - Updater called before beeing initialized
2026-01-06 10:00:32,417 [ERROR] CADModel:125 - Updater not yet initialized, retry later 
2026-01-06 10:00:32,539 [FATAL] Updater:351 - Updater called before beeing initialized
2026-01-06 10:00:32,540 [INFO] CADModel:165 - CPN selected for project level
2026-01-06 10:00:32,540 [INFO] CADModel:114 - Register for checkConnection events
2026-01-06 10:00:32,540 [FATAL] Updater:351 - Updater called before beeing initialized
2026-01-06 10:00:32,540 [ERROR] CADModel:125 - Updater not yet initialized, retry later 
2026-01-06 10:00:32,543 [FATAL] Updater:351 - Updater called before beeing initialized
2026-01-06 10:00:32,615 [FATAL] Updater:351 - Updater called before beeing initialized
2026-01-06 10:00:32,619 [INFO] DbMcusAds:53 - JSON generation date=Tue Dec 16 04:41:46 IST 2025 (1765840306612)
2026-01-06 10:00:32,620 [FATAL] Updater:351 - Updater called before beeing initialized
2026-01-06 10:00:32,648 [WARN] DetailPanel:346 - Failed to get advertising image, set to default
2026-01-06 10:00:32,707 [FATAL] Updater:351 - Updater called before beeing initialized
2026-01-06 10:00:32,709 [FATAL] Updater:351 - Updater called before beeing initialized
2026-01-06 10:00:32,709 [FATAL] Updater:351 - Updater called before beeing initialized
2026-01-06 10:00:32,709 [WARN] DetailPanel:346 - Failed to get advertising image, set to default
2026-01-06 10:00:32,710 [FATAL] Updater:351 - Updater called before beeing initialized
2026-01-06 10:00:32,736 [ERROR] Updater:1198 - MainUpdater not yet initialized. External WinMGr cannot be set.
2026-01-06 10:00:32,737 [INFO] Updater:1134 - Updater Version found : 6.15.0
2026-01-06 10:00:32,753 [INFO] ApplicationProperties:184 - Using Application install path: /opt/st/stm32cubeide_1.19.0/plugins/com.st.stm32cube.common.mx_6.15.0.202507011659
2026-01-06 10:00:34,739 [INFO] ThirdPartyUpdaterWithRetryManager:70 - Updater plugin not ready yet. [2/15]
2026-01-06 10:00:34,861 [INFO] MainUpdater:2872 - connection check result : 10
2026-01-06 10:00:34,861 [INFO] MainUpdater:3604 - Updater definition file requires update
2026-01-06 10:00:34,862 [INFO] MainUpdater:289 - Updater Check For Update Now.
2026-01-06 10:00:34,862 [INFO] MicroXplorer:498 - Change Database Version : DB.6.0.150
2026-01-06 10:00:34,865 [INFO] McuFinderGlobals:63 - Set McuFinder mode to 2 (CubeIDE integrated)
2026-01-06 10:00:34,869 [INFO] UserAuth:487 - Internet connection configuration mode: 1
2026-01-06 10:00:34,886 [INFO] JxBrowserEngine:152 - Initiate JxBrowser Engine with user profile folder
2026-01-06 10:00:36,016 [INFO] WebApp:169 - Instantiating new browser for Auth
2026-01-06 10:00:36,745 [INFO] WebApp:463 - Apply proxy settings
2026-01-06 10:00:36,745 [INFO] WebApp:548 - Chromium requires no authentication
2026-01-06 10:00:36,753 [INFO] WebApp:491 - Direct internet connection detected
2026-01-06 10:00:36,768 [INFO] WebApp:900 - Register for checkConnection events
2026-01-06 10:00:36,768 [INFO] WebApp:463 - Apply proxy settings
2026-01-06 10:00:36,768 [INFO] WebApp:548 - Chromium requires no authentication
2026-01-06 10:00:36,769 [INFO] WebApp:491 - Direct internet connection detected
2026-01-06 10:00:36,881 [INFO] WebApp:225 - Starting web application
2026-01-06 10:00:36,881 [INFO] WebApp:593 - Web application path used /opt/st/stm32cubeide_1.19.0/plugins/com.st.stm32cube.common.mx_6.15.0.202507011659/db/plugins/mcufinder/reactClient1/index.html
2026-01-06 10:00:36,980 [INFO] UserAuth:487 - Internet connection configuration mode: 1
2026-01-06 10:00:37,564 [INFO] ServerAccessManage:452 - Complete download http(s) 200
2026-01-06 10:00:37,565 [INFO] ServerAccessManage:509 - Download File updaters.zip
2026-01-06 10:00:37,740 [WARN] MainUpdater:1193 - Updater busy. Cannot search thirdparties
2026-01-06 10:00:37,740 [INFO] ThirdPartyUpdaterWithRetryManager:96 - Updater plugin is busy. [1/15]
2026-01-06 10:00:38,078 [INFO] WebApp:191 - Connection restablished
2026-01-06 10:00:40,741 [WARN] MainUpdater:1193 - Updater busy. Cannot search thirdparties
2026-01-06 10:00:40,741 [INFO] ThirdPartyUpdaterWithRetryManager:96 - Updater plugin is busy. [2/15]
2026-01-06 10:00:43,741 [WARN] MainUpdater:1193 - Updater busy. Cannot search thirdparties
2026-01-06 10:00:43,741 [INFO] ThirdPartyUpdaterWithRetryManager:96 - Updater plugin is busy. [3/15]
2026-01-06 10:00:46,742 [WARN] MainUpdater:1193 - Updater busy. Cannot search thirdparties
2026-01-06 10:00:46,742 [INFO] ThirdPartyUpdaterWithRetryManager:96 - Updater plugin is busy. [4/15]
2026-01-06 10:00:48,778 [INFO] FileExtend:248 - Unzip File : updaters.zip
2026-01-06 10:00:48,778 [INFO] FileExtend:263 - Standard Zip Deflate
2026-01-06 10:00:49,742 [WARN] MainUpdater:1193 - Updater busy. Cannot search thirdparties
2026-01-06 10:00:49,743 [INFO] ThirdPartyUpdaterWithRetryManager:96 - Updater plugin is busy. [5/15]
2026-01-06 10:00:50,715 [INFO] ServerAccessManage:452 - Complete download http(s) 200
2026-01-06 10:00:50,716 [INFO] ServerAccessManage:509 - Download File PacksControlFlags.xml
2026-01-06 10:00:51,466 [INFO] ServerAccessManage:452 - Complete download http(s) 200
2026-01-06 10:00:51,466 [INFO] ServerAccessManage:509 - Download File cubemx.pidx
2026-01-06 10:00:51,536 [INFO] LoadServerUpdatesThread:375 - End of LoadServerUpdate Thread
2026-01-06 10:00:51,686 [INFO] CheckServerUpdateThread:120 - End of CheckServer Thread
2026-01-06 10:00:52,871 [WARN] PackLoader:240 - Cannot read IP mode file for STMicroelectronics.FP-SNS-MOTENVWB1.1.4.0
2026-01-06 10:00:52,877 [WARN] PackLoader:240 - Cannot read IP mode file for STMicroelectronics.FP-ATR-ASTRA1.2.0.2
2026-01-06 10:00:52,883 [WARN] PackLoader:240 - Cannot read IP mode file for STMicroelectronics.X-CUBE-SMBUS.2.1.0
2026-01-06 10:00:52,887 [WARN] PackLoader:240 - Cannot read IP mode file for STMicroelectronics.X-CUBE-ST60.1.0.0
2026-01-06 10:00:52,911 [WARN] PackLoader:240 - Cannot read IP mode file for STMicroelectronics.X-CUBE-AZRTOS-F7.1.1.0
2026-01-06 10:00:52,920 [WARN] PackLoader:240 - Cannot read IP mode file for STMicroelectronics.FP-SNS-MOTENV1.5.1.0
2026-01-06 10:00:52,932 [WARN] PackLoader:240 - Cannot read IP mode file for WES.I-CUBE-Cesium.1.4.0
2026-01-06 10:00:52,957 [WARN] PackLoader:240 - Cannot read IP mode file for Infineon.AIROC-Wi-Fi-Bluetooth-STM32.1.7.1
2026-01-06 10:00:52,974 [WARN] PackLoader:240 - Cannot read IP mode file for STMicroelectronics.X-CUBE-DISPLAY.3.0.0
2026-01-06 10:00:52,987 [WARN] PackLoader:240 - Cannot read IP mode file for STMicroelectronics.X-CUBE-NFC10.1.0.0
2026-01-06 10:00:52,994 [WARN] PackLoader:240 - Cannot read IP mode file for STMicroelectronics.X-CUBE-ST60.1.1.0
2026-01-06 10:00:53,000 [WARN] PackLoader:240 - Cannot read IP mode file for emotas.I-CUBE-CANOPEN.1.3.0
2026-01-06 10:00:53,006 [WARN] PackLoader:240 - Cannot read IP mode file for STMicroelectronics.X-CUBE-GNSS1.7.1.0
2026-01-06 10:00:53,012 [WARN] PackLoader:240 - Cannot read IP mode file for STMicroelectronics.FP-SNS-SMARTAG2.1.2.0
2026-01-06 10:00:53,016 [WARN] PackLoader:240 - Cannot read IP mode file for STMicroelectronics.FP-SNS-FLIGHT1.5.1.0
2026-01-06 10:00:53,025 [INFO] LogOutputStream:77 - [STDOUT_REDIRECT] 1 : Invalid condition id : UX_CORESTACK_Condition cause : null
2026-01-06 10:00:53,026 [INFO] LogOutputStream:77 - [STDOUT_REDIRECT] 1 : Invalid condition id : UX_CORESTACK_Condition cause : null
2026-01-06 10:00:53,026 [INFO] LogOutputStream:77 - [STDOUT_REDIRECT] 1 : Invalid condition id : UX_CORESTACK_Condition cause : null
2026-01-06 10:00:53,026 [INFO] LogOutputStream:77 - [STDOUT_REDIRECT] 1 : Invalid condition id : UX_CORESTACK_Condition cause : null
2026-01-06 10:00:53,026 [INFO] LogOutputStream:77 - [STDOUT_REDIRECT] 1 : Invalid condition id : UX_CORESTACK_Condition cause : null
2026-01-06 10:00:53,031 [WARN] PackLoader:240 - Cannot read IP mode file for STMicroelectronics.X-CUBE-AZRTOS-WL.2.0.0
2026-01-06 10:00:53,036 [WARN] PackLoader:240 - Cannot read IP mode file for STMicroelectronics.FP-SNS-MOTENV1.5.0.0
2026-01-06 10:00:53,058 [WARN] PackLoader:240 - Cannot read IP mode file for STMicroelectronics.X-CUBE-AZRTOS-H7RS.1.2.0
2026-01-06 10:00:53,067 [WARN] PackLoader:240 - Cannot read IP mode file for STMicroelectronics.X-CUBE-BLE2.3.3.0
2026-01-06 10:00:53,083 [WARN] PackLoader:240 - Cannot read IP mode file for STMicroelectronics.X-CUBE-NFC9.1.0.0
2026-01-06 10:00:53,090 [WARN] PackLoader:240 - Cannot read IP mode file for STMicroelectronics.X-CUBE-BLE1.7.1.0
2026-01-06 10:00:53,096 [WARN] PackLoader:240 - Cannot read IP mode file for STMicroelectronics.X-CUBE-FREERTOS.1.4.0
2026-01-06 10:00:53,102 [WARN] PackLoader:240 - Cannot read IP mode file for STMicroelectronics.X-CUBE-ST67W61.1.1.0
2026-01-06 10:00:53,145 [WARN] PackLoader:240 - Cannot read IP mode file for STMicroelectronics.X-CUBE-MEMS1.12.0.0
2026-01-06 10:00:53,304 [WARN] PackLoader:240 - Cannot read IP mode file for STMicroelectronics.X-CUBE-AZRTOS-G0.1.1.0
2026-01-06 10:00:53,317 [WARN] PackLoader:240 - Cannot read IP mode file for STMicroelectronics.X-CUBE-SAFEA1.1.2.2
2026-01-06 10:00:53,325 [WARN] PackLoader:240 - Cannot read IP mode file for STMicroelectronics.X-CUBE-NFC4.3.0.0
2026-01-06 10:00:53,337 [WARN] PackLoader:240 - Cannot read IP mode file for EmbeddedOffice.I-CUBE-FS-RTOS.1.0.1
2026-01-06 10:00:53,345 [WARN] PackLoader:240 - Cannot read IP mode file for STMicroelectronics.X-CUBE-WB05N.2.0.0
2026-01-06 10:00:53,354 [WARN] PackLoader:240 - Cannot read IP mode file for STMicroelectronics.X-CUBE-TCPP.4.2.0
2026-01-06 10:00:53,363 [WARN] PackLoader:240 - Cannot read IP mode file for RealThread.X-CUBE-RT-Thread_Nano.4.1.1
2026-01-06 10:00:53,369 [WARN] PackLoader:240 - Cannot read IP mode file for STMicroelectronics.FP-ATR-SIGFOX1.3.2.0
2026-01-06 10:00:53,375 [WARN] PackLoader:240 - Cannot read IP mode file for ITTIA_DB.I-CUBE-ITTIADB.8.9.0
2026-01-06 10:00:53,382 [WARN] PackLoader:240 - Cannot read IP mode file for STMicroelectronics.X-CUBE-ST67W61.1.0.0
2026-01-06 10:00:53,409 [WARN] PackLoader:240 - Cannot read IP mode file for SEGGER.I-CUBE-embOS.1.3.1
2026-01-06 10:00:53,464 [WARN] PackLoader:240 - Cannot read IP mode file for STMicroelectronics.X-CUBE-ALGOBUILD.1.4.0
2026-01-06 10:00:53,520 [WARN] PackLoader:240 - Cannot read IP mode file for STMicroelectronics.X-CUBE-MEMS1.11.3.0
2026-01-06 10:00:53,682 [WARN] PackLoader:240 - Cannot read IP mode file for STMicroelectronics.X-CUBE-PM33A1.1.0.0
2026-01-06 10:00:53,696 [WARN] PackLoader:240 - Cannot read IP mode file for STMicroelectronics.X-CUBE-AZRTOS-F4.1.1.0
2026-01-06 10:00:53,702 [WARN] PackLoader:240 - Cannot read IP mode file for Avnet-IotConnect.X-CUBE-IoTC-DA16k-PMOD.1.0.0
2026-01-06 10:00:53,706 [WARN] PackLoader:240 - Cannot read IP mode file for STMicroelectronics.X-CUBE-ISPU.2.1.0
2026-01-06 10:00:53,715 [WARN] PackLoader:240 - Cannot read IP mode file for STMicroelectronics.X-CUBE-IPS.3.2.0
2026-01-06 10:00:53,738 [WARN] PackLoader:240 - Cannot read IP mode file for STMicroelectronics.X-CUBE-AZRTOS-L5.2.0.0
2026-01-06 10:00:53,746 [WARN] PackLoader:240 - Cannot read IP mode file for STMicroelectronics.X-CUBE-NFC6.3.1.0
2026-01-06 10:00:53,751 [WARN] PackLoader:240 - Cannot read IP mode file for STMicroelectronics.X-CUBE-FREERTOS.1.3.1
2026-01-06 10:00:53,755 [WARN] PackLoader:240 - Cannot read IP mode file for STMicroelectronics.X-CUBE-TOUCHGFX.4.26.0
2026-01-06 10:00:53,759 [WARN] PackLoader:240 - Cannot read IP mode file for STMicroelectronics.X-CUBE-DPower.1.3.0
2026-01-06 10:00:53,773 [WARN] ConditionMgr:438 - getConditionDescription Invalid condition id : LAN8742 Phy interface Condition cause : null
2026-01-06 10:00:53,774 [WARN] PackLoader:240 - Cannot read IP mode file for STMicroelectronics.X-CUBE-AZRTOS-L4.2.0.0
2026-01-06 10:00:53,776 [WARN] ConditionMgr:1044 - genDependencies : Invalid condition id : LAN8742 Phy interface Condition cause : null
2026-01-06 10:00:53,776 [WARN] ConditionMgr:1044 - genDependencies : Invalid condition id : LAN8742 Phy interface Condition cause : null
2026-01-06 10:00:53,777 [WARN] ConditionMgr:1044 - genDependencies : Invalid condition id : LAN8742 Phy interface Condition cause : null
2026-01-06 10:00:53,793 [WARN] PackLoader:240 - Cannot read IP mode file for STMicroelectronics.X-CUBE-SFXS2LP1.4.0.0
2026-01-06 10:00:53,805 [WARN] ConditionMgr:438 - getConditionDescription Invalid condition id : UX DEVICE CLASS RTOS Condition cause : null
2026-01-06 10:00:53,806 [WARN] ConditionMgr:438 - getConditionDescription Invalid condition id : UX DEVICE CLASS RTOS Condition cause : null
2026-01-06 10:00:53,808 [WARN] PackLoader:240 - Cannot read IP mode file for STMicroelectronics.X-CUBE-AZRTOS-WB.2.0.0
2026-01-06 10:00:53,808 [WARN] ConditionMgr:1044 - genDependencies : Invalid condition id : UX DEVICE CLASS RTOS Condition cause : null
2026-01-06 10:00:53,808 [WARN] ConditionMgr:1044 - genDependencies : Invalid condition id : UX DEVICE CLASS RTOS Condition cause : null
2026-01-06 10:00:53,809 [WARN] ConditionMgr:1044 - genDependencies : Invalid condition id : UX DEVICE CLASS RTOS Condition cause : null
2026-01-06 10:00:53,809 [WARN] ConditionMgr:1044 - genDependencies : Invalid condition id : UX DEVICE CLASS RTOS Condition cause : null
2026-01-06 10:00:53,809 [WARN] ConditionMgr:1044 - genDependencies : Invalid condition id : UX DEVICE CLASS RTOS Condition cause : null
2026-01-06 10:00:53,813 [WARN] PackLoader:240 - Cannot read IP mode file for STMicroelectronics.X-CUBE-GNSS1.7.0.1
2026-01-06 10:00:53,817 [WARN] PackLoader:240 - Cannot read IP mode file for STMicroelectronics.X-CUBE-TOUCHGFX.4.25.0
2026-01-06 10:00:53,820 [WARN] ConditionMgr:438 - getConditionDescription Invalid condition id : Cortex-A Device cause : null
2026-01-06 10:00:53,825 [WARN] ConditionMgr:1044 - genDependencies : Invalid condition id : Cortex-A Device cause : null
2026-01-06 10:00:53,826 [WARN] ConditionMgr:1044 - genDependencies : Invalid condition id : Cortex-A Device cause : null
2026-01-06 10:00:53,826 [WARN] ConditionMgr:1044 - genDependencies : Invalid condition id : Cortex-A Device cause : null
2026-01-06 10:00:53,832 [WARN] PackLoader:240 - Cannot read IP mode file for STMicroelectronics.X-CUBE-SUBG2.5.0.0
2026-01-06 10:00:53,849 [WARN] PackLoader:240 - Cannot read IP mode file for STMicroelectronics.X-CUBE-AZRTOS-H7RS.1.1.0
2026-01-06 10:00:53,855 [WARN] PackLoader:240 - Cannot read IP mode file for Cesanta.I-CUBE-Mongoose.7.13.0
2026-01-06 10:00:53,863 [WARN] PackLoader:240 - Cannot read IP mode file for STMicroelectronics.X-CUBE-AZRTOS-G4.2.0.0
2026-01-06 10:00:53,868 [WARN] PackLoader:240 - Cannot read IP mode file for STMicroelectronics.X-CUBE-NFC7.2.0.0
2026-01-06 10:00:53,878 [WARN] PackLoader:240 - Cannot read IP mode file for STMicroelectronics.X-CUBE-IPS.3.1.0
2026-01-06 10:00:53,890 [WARN] PackLoader:240 - Cannot read IP mode file for STMicroelectronics.X-CUBE-ALS.1.0.2
2026-01-06 10:00:53,897 [WARN] PackLoader:240 - Cannot read IP mode file for STMicroelectronics.X-CUBE-STSE01.1.0.0
2026-01-06 10:00:53,904 [WARN] PackLoader:240 - Cannot read IP mode file for portGmbH.I-Cube-SoM-uGOAL.1.1.0
2026-01-06 10:00:53,912 [WARN] PackLoader:240 - Cannot read IP mode file for STMicroelectronics.X-CUBE-TOF1.3.4.3
2026-01-06 10:00:53,926 [INFO] ThirdParty:978 - Integrity check success = true
2026-01-06 10:00:53,926 [INFO] IntegrityCheckThread:100 - exiting critical section [integrity check]
2026-01-06 10:00:53,926 [INFO] IntegrityCheckThread:103 - End integrity checks thread
2026-01-06 10:03:32,314 [ERROR] ConfigurationRetriever:142 - IOException on connection: Read timed out
2026-01-06 10:04:55,775 [ERROR] ConfigurationRetriever:142 - IOException on connection: Read timed out
2026-01-06 10:04:57,786 [ERROR] ConfigurationRetriever:142 - IOException on connection: Connect timed out
2026-01-06 10:04:59,788 [ERROR] ConfigurationRetriever:142 - IOException on connection: Connect timed out
2026-01-06 10:20:55,116 [INFO] WebApp:194 - Connection lost
2026-01-06 10:21:03,972 [INFO] WebApp:191 - Connection restablished
2026-01-06 10:21:56,651 [INFO] WebApp:194 - Connection lost
2026-01-06 10:21:59,084 [INFO] WebApp:191 - Connection restablished
2026-01-06 10:28:23,989 [INFO] WebApp:194 - Connection lost
2026-01-06 10:28:30,095 [INFO] WebApp:191 - Connection restablished
2026-01-06 10:37:19,550 [INFO] WebApp:194 - Connection lost
2026-01-06 10:37:19,822 [INFO] WebApp:191 - Connection restablished
2026-01-06 10:40:14,997 [INFO] WebApp:194 - Connection lost
2026-01-06 10:40:19,791 [INFO] WebApp:191 - Connection restablished
2026-01-06 10:51:58,317 [INFO] WebApp:194 - Connection lost
2026-01-06 10:55:17,462 [INFO] WebApp:191 - Connection restablished
2026-01-06 10:59:42,045 [INFO] WebApp:194 - Connection lost
2026-01-06 10:59:47,754 [INFO] WebApp:191 - Connection restablished
2026-01-06 11:03:11,889 [INFO] WebApp:194 - Connection lost
2026-01-06 11:03:25,488 [INFO] WebApp:191 - Connection restablished
2026-01-06 11:22:36,288 [INFO] WebApp:194 - Connection lost
2026-01-06 11:22:41,968 [INFO] WebApp:191 - Connection restablished
2026-01-06 11:26:53,436 [INFO] WebApp:194 - Connection lost
2026-01-06 11:28:56,483 [INFO] WebApp:191 - Connection restablished
2026-01-06 11:28:56,795 [INFO] WebApp:194 - Connection lost
2026-01-06 11:28:57,838 [INFO] WebApp:191 - Connection restablished
2026-01-06 11:51:36,045 [INFO] WebApp:194 - Connection lost
2026-01-06 11:51:42,836 [INFO] WebApp:191 - Connection restablished
2026-01-06 12:08:22,647 [INFO] WebApp:194 - Connection lost
2026-01-06 12:08:27,802 [INFO] WebApp:191 - Connection restablished
2026-01-06 12:21:41,269 [INFO] WebApp:194 - Connection lost
2026-01-06 12:21:47,829 [INFO] WebApp:191 - Connection restablished
2026-01-06 12:39:25,348 [INFO] WebApp:194 - Connection lost
2026-01-06 12:39:36,686 [INFO] WebApp:191 - Connection restablished
2026-01-06 12:40:47,399 [INFO] WebApp:194 - Connection lost
2026-01-06 12:40:58,502 [INFO] WebApp:191 - Connection restablished
2026-01-06 12:51:44,774 [INFO] WebApp:194 - Connection lost
2026-01-06 12:53:47,689 [INFO] WebApp:191 - Connection restablished
2026-01-06 13:24:23,177 [INFO] WebApp:194 - Connection lost
2026-01-06 13:24:28,191 [INFO] WebApp:191 - Connection restablished
2026-01-06 13:24:29,835 [INFO] WebApp:194 - Connection lost
2026-01-06 13:24:30,136 [INFO] WebApp:191 - Connection restablished
